Determining if the pthread_create exist failed with the following output:
Change Dir: /home/kaixin1/Project/TestC/CMakeFiles/CMakeTmp

Run Build Command:"/usr/bin/make" "cmTC_8f858/fast"
/usr/bin/make -f CMakeFiles/cmTC_8f858.dir/build.make CMakeFiles/cmTC_8f858.dir/build
make[1]: Entering directory '/home/kaixin1/Project/TestC/CMakeFiles/CMakeTmp'
Building C object CMakeFiles/cmTC_8f858.dir/CheckSymbolExists.c.o
/usr/bin/cc    -fPIC    -o CMakeFiles/cmTC_8f858.dir/CheckSymbolExists.c.o   -c /home/kaixin1/Project/TestC/CMakeFiles/CMakeTmp/CheckSymbolExists.c
Linking C executable cmTC_8f858
/usr/bin/cmake -E cmake_link_script CMakeFiles/cmTC_8f858.dir/link.txt --verbose=1
/usr/bin/cc  -fPIC     CMakeFiles/cmTC_8f858.dir/CheckSymbolExists.c.o  -o cmTC_8f858 -rdynamic 
CMakeFiles/cmTC_8f858.dir/CheckSymbolExists.c.o: In function `main':
CheckSymbolExists.c:(.text+0x1b): undefined reference to `pthread_create'
collect2: error: ld returned 1 exit status
CMakeFiles/cmTC_8f858.dir/build.make:97: recipe for target 'cmTC_8f858' failed
make[1]: *** [cmTC_8f858] Error 1
make[1]: Leaving directory '/home/kaixin1/Project/TestC/CMakeFiles/CMakeTmp'
Makefile:126: recipe for target 'cmTC_8f858/fast' failed
make: *** [cmTC_8f858/fast] Error 2

File /home/kaixin1/Project/TestC/CMakeFiles/CMakeTmp/CheckSymbolExists.c:
/* */
#include <pthread.h>

int main(int argc, char** argv)
{
  (void)argv;
#ifndef pthread_create
  return ((int*)(&pthread_create))[argc];
#else
  (void)argc;
  return 0;
#endif
}

Determining if the function pthread_create exists in the pthreads failed with the following output:
Change Dir: /home/kaixin1/Project/TestC/CMakeFiles/CMakeTmp

Run Build Command:"/usr/bin/make" "cmTC_6c98b/fast"
/usr/bin/make -f CMakeFiles/cmTC_6c98b.dir/build.make CMakeFiles/cmTC_6c98b.dir/build
make[1]: Entering directory '/home/kaixin1/Project/TestC/CMakeFiles/CMakeTmp'
Building C object CMakeFiles/cmTC_6c98b.dir/CheckFunctionExists.c.o
/usr/bin/cc    -fPIC -DCHECK_FUNCTION_EXISTS=pthread_create   -o CMakeFiles/cmTC_6c98b.dir/CheckFunctionExists.c.o   -c /usr/share/cmake-3.5/Modules/CheckFunctionExists.c
Linking C executable cmTC_6c98b
/usr/bin/cmake -E cmake_link_script CMakeFiles/cmTC_6c98b.dir/link.txt --verbose=1
/usr/bin/cc  -fPIC -DCHECK_FUNCTION_EXISTS=pthread_create    CMakeFiles/cmTC_6c98b.dir/CheckFunctionExists.c.o  -o cmTC_6c98b -rdynamic -lpthreads 
/usr/bin/ld: cannot find -lpthreads
collect2: error: ld returned 1 exit status
CMakeFiles/cmTC_6c98b.dir/build.make:97: recipe for target 'cmTC_6c98b' failed
make[1]: *** [cmTC_6c98b] Error 1
make[1]: Leaving directory '/home/kaixin1/Project/TestC/CMakeFiles/CMakeTmp'
Makefile:126: recipe for target 'cmTC_6c98b/fast' failed
make: *** [cmTC_6c98b/fast] Error 2


Determining if the pthread_create exist failed with the following output:
Change Dir: /home/kaixin1/Project/RTM/src/lib/utils/CMakeFiles/CMakeTmp

Run Build Command:"/usr/bin/make" "cmTC_6967e/fast"
/usr/bin/make -f CMakeFiles/cmTC_6967e.dir/build.make CMakeFiles/cmTC_6967e.dir/build
make[1]: Entering directory '/home/kaixin1/Project/RTM/src/lib/utils/CMakeFiles/CMakeTmp'
Building C object CMakeFiles/cmTC_6967e.dir/CheckSymbolExists.c.o
/usr/bin/cc    -fPIC    -o CMakeFiles/cmTC_6967e.dir/CheckSymbolExists.c.o   -c /home/kaixin1/Project/RTM/src/lib/utils/CMakeFiles/CMakeTmp/CheckSymbolExists.c
Linking C executable cmTC_6967e
/usr/bin/cmake -E cmake_link_script CMakeFiles/cmTC_6967e.dir/link.txt --verbose=1
/usr/bin/cc  -fPIC     CMakeFiles/cmTC_6967e.dir/CheckSymbolExists.c.o  -o cmTC_6967e -rdynamic 
CMakeFiles/cmTC_6967e.dir/CheckSymbolExists.c.o: In function `main':
CheckSymbolExists.c:(.text+0x1b): undefined reference to `pthread_create'
collect2: error: ld returned 1 exit status
CMakeFiles/cmTC_6967e.dir/build.make:97: recipe for target 'cmTC_6967e' failed
make[1]: *** [cmTC_6967e] Error 1
make[1]: Leaving directory '/home/kaixin1/Project/RTM/src/lib/utils/CMakeFiles/CMakeTmp'
Makefile:126: recipe for target 'cmTC_6967e/fast' failed
make: *** [cmTC_6967e/fast] Error 2

File /home/kaixin1/Project/RTM/src/lib/utils/CMakeFiles/CMakeTmp/CheckSymbolExists.c:
/* */
#include <pthread.h>

int main(int argc, char** argv)
{
  (void)argv;
#ifndef pthread_create
  return ((int*)(&pthread_create))[argc];
#else
  (void)argc;
  return 0;
#endif
}

Determining if the function pthread_create exists in the pthreads failed with the following output:
Change Dir: /home/kaixin1/Project/RTM/src/lib/utils/CMakeFiles/CMakeTmp

Run Build Command:"/usr/bin/make" "cmTC_d2ddd/fast"
/usr/bin/make -f CMakeFiles/cmTC_d2ddd.dir/build.make CMakeFiles/cmTC_d2ddd.dir/build
make[1]: Entering directory '/home/kaixin1/Project/RTM/src/lib/utils/CMakeFiles/CMakeTmp'
Building C object CMakeFiles/cmTC_d2ddd.dir/CheckFunctionExists.c.o
/usr/bin/cc    -fPIC -DCHECK_FUNCTION_EXISTS=pthread_create   -o CMakeFiles/cmTC_d2ddd.dir/CheckFunctionExists.c.o   -c /usr/share/cmake-3.5/Modules/CheckFunctionExists.c
Linking C executable cmTC_d2ddd
/usr/bin/cmake -E cmake_link_script CMakeFiles/cmTC_d2ddd.dir/link.txt --verbose=1
/usr/bin/cc  -fPIC -DCHECK_FUNCTION_EXISTS=pthread_create    CMakeFiles/cmTC_d2ddd.dir/CheckFunctionExists.c.o  -o cmTC_d2ddd -rdynamic -lpthreads 
/usr/bin/ld: cannot find -lpthreads
collect2: error: ld returned 1 exit status
CMakeFiles/cmTC_d2ddd.dir/build.make:97: recipe for target 'cmTC_d2ddd' failed
make[1]: *** [cmTC_d2ddd] Error 1
make[1]: Leaving directory '/home/kaixin1/Project/RTM/src/lib/utils/CMakeFiles/CMakeTmp'
Makefile:126: recipe for target 'cmTC_d2ddd/fast' failed
make: *** [cmTC_d2ddd/fast] Error 2


Determining if the pthread_create exist failed with the following output:
Change Dir: /home/kaixin1/Project/RTM/src/lib/utils/CMakeFiles/CMakeTmp

Run Build Command:"/usr/bin/make" "cmTC_873d1/fast"
/usr/bin/make -f CMakeFiles/cmTC_873d1.dir/build.make CMakeFiles/cmTC_873d1.dir/build
make[1]: Entering directory '/home/kaixin1/Project/RTM/src/lib/utils/CMakeFiles/CMakeTmp'
Building C object CMakeFiles/cmTC_873d1.dir/CheckSymbolExists.c.o
/usr/bin/cc    -fPIC    -o CMakeFiles/cmTC_873d1.dir/CheckSymbolExists.c.o   -c /home/kaixin1/Project/RTM/src/lib/utils/CMakeFiles/CMakeTmp/CheckSymbolExists.c
Linking C executable cmTC_873d1
/usr/bin/cmake -E cmake_link_script CMakeFiles/cmTC_873d1.dir/link.txt --verbose=1
/usr/bin/cc  -fPIC     CMakeFiles/cmTC_873d1.dir/CheckSymbolExists.c.o  -o cmTC_873d1 -rdynamic 
CMakeFiles/cmTC_873d1.dir/CheckSymbolExists.c.o: In function `main':
CheckSymbolExists.c:(.text+0x1b): undefined reference to `pthread_create'
collect2: error: ld returned 1 exit status
CMakeFiles/cmTC_873d1.dir/build.make:97: recipe for target 'cmTC_873d1' failed
make[1]: *** [cmTC_873d1] Error 1
make[1]: Leaving directory '/home/kaixin1/Project/RTM/src/lib/utils/CMakeFiles/CMakeTmp'
Makefile:126: recipe for target 'cmTC_873d1/fast' failed
make: *** [cmTC_873d1/fast] Error 2

File /home/kaixin1/Project/RTM/src/lib/utils/CMakeFiles/CMakeTmp/CheckSymbolExists.c:
/* */
#include <pthread.h>

int main(int argc, char** argv)
{
  (void)argv;
#ifndef pthread_create
  return ((int*)(&pthread_create))[argc];
#else
  (void)argc;
  return 0;
#endif
}

Determining if the function pthread_create exists in the pthreads failed with the following output:
Change Dir: /home/kaixin1/Project/RTM/src/lib/utils/CMakeFiles/CMakeTmp

Run Build Command:"/usr/bin/make" "cmTC_db71b/fast"
/usr/bin/make -f CMakeFiles/cmTC_db71b.dir/build.make CMakeFiles/cmTC_db71b.dir/build
make[1]: Entering directory '/home/kaixin1/Project/RTM/src/lib/utils/CMakeFiles/CMakeTmp'
Building C object CMakeFiles/cmTC_db71b.dir/CheckFunctionExists.c.o
/usr/bin/cc    -fPIC -DCHECK_FUNCTION_EXISTS=pthread_create   -o CMakeFiles/cmTC_db71b.dir/CheckFunctionExists.c.o   -c /usr/share/cmake-3.5/Modules/CheckFunctionExists.c
Linking C executable cmTC_db71b
/usr/bin/cmake -E cmake_link_script CMakeFiles/cmTC_db71b.dir/link.txt --verbose=1
/usr/bin/cc  -fPIC -DCHECK_FUNCTION_EXISTS=pthread_create    CMakeFiles/cmTC_db71b.dir/CheckFunctionExists.c.o  -o cmTC_db71b -rdynamic -lpthreads 
/usr/bin/ld: cannot find -lpthreads
collect2: error: ld returned 1 exit status
CMakeFiles/cmTC_db71b.dir/build.make:97: recipe for target 'cmTC_db71b' failed
make[1]: *** [cmTC_db71b] Error 1
make[1]: Leaving directory '/home/kaixin1/Project/RTM/src/lib/utils/CMakeFiles/CMakeTmp'
Makefile:126: recipe for target 'cmTC_db71b/fast' failed
make: *** [cmTC_db71b/fast] Error 2


Determining if the pthread_create exist failed with the following output:
Change Dir: /home/kaixin1/Project/RTM/src/lib/utils/CMakeFiles/CMakeTmp

Run Build Command:"/usr/bin/make" "cmTC_9dbf0/fast"
/usr/bin/make -f CMakeFiles/cmTC_9dbf0.dir/build.make CMakeFiles/cmTC_9dbf0.dir/build
make[1]: Entering directory '/home/kaixin1/Project/RTM/src/lib/utils/CMakeFiles/CMakeTmp'
Building C object CMakeFiles/cmTC_9dbf0.dir/CheckSymbolExists.c.o
/usr/bin/cc    -fPIC    -o CMakeFiles/cmTC_9dbf0.dir/CheckSymbolExists.c.o   -c /home/kaixin1/Project/RTM/src/lib/utils/CMakeFiles/CMakeTmp/CheckSymbolExists.c
Linking C executable cmTC_9dbf0
/usr/bin/cmake -E cmake_link_script CMakeFiles/cmTC_9dbf0.dir/link.txt --verbose=1
/usr/bin/cc  -fPIC     CMakeFiles/cmTC_9dbf0.dir/CheckSymbolExists.c.o  -o cmTC_9dbf0 -rdynamic 
CMakeFiles/cmTC_9dbf0.dir/CheckSymbolExists.c.o: In function `main':
CheckSymbolExists.c:(.text+0x1b): undefined reference to `pthread_create'
collect2: error: ld returned 1 exit status
CMakeFiles/cmTC_9dbf0.dir/build.make:97: recipe for target 'cmTC_9dbf0' failed
make[1]: *** [cmTC_9dbf0] Error 1
make[1]: Leaving directory '/home/kaixin1/Project/RTM/src/lib/utils/CMakeFiles/CMakeTmp'
Makefile:126: recipe for target 'cmTC_9dbf0/fast' failed
make: *** [cmTC_9dbf0/fast] Error 2

File /home/kaixin1/Project/RTM/src/lib/utils/CMakeFiles/CMakeTmp/CheckSymbolExists.c:
/* */
#include <pthread.h>

int main(int argc, char** argv)
{
  (void)argv;
#ifndef pthread_create
  return ((int*)(&pthread_create))[argc];
#else
  (void)argc;
  return 0;
#endif
}

Determining if the function pthread_create exists in the pthreads failed with the following output:
Change Dir: /home/kaixin1/Project/RTM/src/lib/utils/CMakeFiles/CMakeTmp

Run Build Command:"/usr/bin/make" "cmTC_18fe2/fast"
/usr/bin/make -f CMakeFiles/cmTC_18fe2.dir/build.make CMakeFiles/cmTC_18fe2.dir/build
make[1]: Entering directory '/home/kaixin1/Project/RTM/src/lib/utils/CMakeFiles/CMakeTmp'
Building C object CMakeFiles/cmTC_18fe2.dir/CheckFunctionExists.c.o
/usr/bin/cc    -fPIC -DCHECK_FUNCTION_EXISTS=pthread_create   -o CMakeFiles/cmTC_18fe2.dir/CheckFunctionExists.c.o   -c /usr/share/cmake-3.5/Modules/CheckFunctionExists.c
Linking C executable cmTC_18fe2
/usr/bin/cmake -E cmake_link_script CMakeFiles/cmTC_18fe2.dir/link.txt --verbose=1
/usr/bin/cc  -fPIC -DCHECK_FUNCTION_EXISTS=pthread_create    CMakeFiles/cmTC_18fe2.dir/CheckFunctionExists.c.o  -o cmTC_18fe2 -rdynamic -lpthreads 
/usr/bin/ld: cannot find -lpthreads
collect2: error: ld returned 1 exit status
CMakeFiles/cmTC_18fe2.dir/build.make:97: recipe for target 'cmTC_18fe2' failed
make[1]: *** [cmTC_18fe2] Error 1
make[1]: Leaving directory '/home/kaixin1/Project/RTM/src/lib/utils/CMakeFiles/CMakeTmp'
Makefile:126: recipe for target 'cmTC_18fe2/fast' failed
make: *** [cmTC_18fe2/fast] Error 2


